
---< Start par_file_EXCEL_TEST_.pl >---
1: Making tag: $map{AZURETEST} = EAG
2: Making tag: $map{AzureLinuxtest01} = EAG
3: Making tag: $map{AzureMigrate} = EAG
4: Making tag: $map{Azuretest01} = EAG
5: Making tag: $map{Cisco_FP_Mgmt_Ctr} = EAG
6: Making tag: $map{DBFMDEV02} = ERP
7: Making tag: $map{DBHRDEV02} = ERP
8: Making tag: $map{DEV-ACD4-CCS} = EAG
9: Making tag: $map{DEV-ACD4-CIC1} = EAG
10: Making tag: $map{DFSFIREDB} = DPS
11: Making tag: $map{DFSFIREDEV} = DPS
12: Making tag: $map{EACS-gitlab-01} = EAG
13: Making tag: $map{FMDEV2WEB01} = ERP
14: Making tag: $map{FMPRDWEB02} = ERP
15: Making tag: $map{FMSES} = ERP
16: Making tag: $map{HRDEV2APP01} = ERP
17: Making tag: $map{HRDEV2WEB01} = ERP
18: Making tag: $map{HRSES} = ERP
19: Making tag: $map{KSEWELL-VM} = ERP
20: Making tag: $map{KWAKEFIELD-VM} = ERP
21: Making tag: $map{MBUTRYMAN-VM} = ERP
22: Making tag: $map{OEL_65_x64} = EAG
23: Making tag: $map{TRACKIT} = DPS
24: Making tag: $map{W2008r2std} = EAG
25: Making tag: $map{W2012-R2_X64-50GB} = EAG
26: Making tag: $map{W2K8-R2_X64-50GB} = EAG
27: Making tag: $map{W2K8-R2_X64-50GB-old} = EAG
28: Making tag: $map{W2K8-R2_x64_50GB} = EAG
29: Making tag: $map{Win2016Test-Jim} = EAG
30: Making tag: $map{Win2016Test2-Jim} = EAG
31: Making tag: $map{oel6_64bit-50GB} = EAG
32: Making tag: $map{oel7_64bit-50GB} = EAG
33: Making tag: $map{vShield-Edge-EA-0} = EAG
34: Making tag: $map{vShield-Edge-EA-1} = EAG
35: Making tag: $map{vShield-Edge-GEN-0} = EAG
36: Making tag: $map{vShield-Edge-GEN-1} = EAG
37: Making tag: $map{w2k12-dc_x64} = EAG
38: Making tag: $map{w2k12-dc_x64_r2} = EAG
39: Making tag: $map{w2k16-dc_x64-50GB} = EAG
40: Making tag: $map{w2k8-r2_x64_50gb} = EAG
41: Making tag: $map{VMName} = EAG
42: Making tag: $map{ABDEVAPP01} = ERP
43: Making tag: $map{BIG-IPVE13.1.0.2.0.0.6} = ERP
44: Making tag: $map{CS-Test2016-A} = EAG
45: Making tag: $map{CS-Test2016-B} = EAG
46: Making tag: $map{Call-APP01-01} = VDOL
47: Making tag: $map{Call-DB01-01} = VDOL
48: Making tag: $map{Call-DB2-VOIP-01} = VDOL
49: Making tag: $map{Call-DC01-01} = VDOL
50: Making tag: $map{Call-DC02-01} = VDOL
51: Making tag: $map{Call-HS3-VOIP-01} = VDOL
52: Making tag: $map{EACS-Eyeglass-TEMPLATE} = EAG
53: Making tag: $map{FMSBX4APP01} = ERP
54: Making tag: $map{Gruyere} = EDU
55: Making tag: $map{Havarti} = EDU
56: Making tag: $map{ScaleIO-10.216.34.201} = EAG
57: Making tag: $map{ScaleIO-10.216.34.202} = EAG
58: Making tag: $map{ScaleIO-10.216.34.203} = EAG
59: Making tag: $map{ScaleIO-10.216.34.204} = EAG
60: Making tag: $map{ScaleIO-10.216.34.205} = EAG
61: Making tag: $map{ScaleIO-10.216.34.206} = EAG
62: Making tag: $map{ScaleIO-10.216.34.207} = EAG
63: Making tag: $map{ScaleIO-10.216.34.208} = EAG
64: Making tag: $map{ScaleIO-10.216.34.209} = EAG
65: Making tag: $map{ScaleIO-10.216.34.210} = EAG
66: Making tag: $map{ScaleIO-10.216.34.211} = EAG
67: Making tag: $map{ScaleIO-10.216.34.212} = EAG
68: Making tag: $map{ScaleIO-10.216.34.213} = EAG
69: Making tag: $map{ScaleIO-10.216.34.214} = EAG
70: Making tag: $map{ScaleIO-10.216.34.215} = EAG
71: Making tag: $map{ScaleIO-10.216.34.216} = EAG
72: Making tag: $map{ScaleIOVM_2nics_2.0.13000.211} = EAG
73: Making tag: $map{VM-VM-VM-VM-w2k16-dc_x64-50GB} = EAG
74: Making tag: $map{VTADS-Thyme} = JUD
75: Making tag: $map{Win2016Test} = EAG
76: Making tag: $map{Win2016Test2} = EAG
77: Making tag: $map{Win2016Test3-WAN} = EAG
78: Making tag: $map{aaron-test} = EAG
79: Making tag: $map{pfSense-2.4.4.1} = EAG
80: Making tag: $map{test-01} = EAG
81: Making tag: $map{vShield-Edge-EX-0} = EAG
82: Making tag: $map{vShield-Edge-EX-1} = EAG
83: Making tag: $map{vShield-Edge-GEN-0} = EAG
84: Making tag: $map{vShield-Edge-GEN-1} = EAG
85: Making tag: $map{vShield-Edge-VxRack-0} = EAG
86: Making tag: $map{vShield-Edge-VxRack-1} = EAG
87: Making tag: $map{w2k16-dc_x64-50GB} = EAG
88: Making tag: $map{w2k16-dc_x64-50GB-old} = EAG
89: Making tag: $map{VxRailManager} = EAG
90: Making tag: $map{EACS-TEST-03} = EAG
91: Making tag: $map{EACS-TEST-01} = EAG
92: Making tag: $map{EACS-TEST-02} = EAG
93: Making tag: $map{EACS-GITLAB-01} = EAG
94: Making tag: $map{EACS-GitLab-01} = EAG
95: Making tag: $map{VMwarevRealizeLogInsight} = EAG
96: Making tag: $map{pfSense-2.4.4-p1} = EAG
97: Making tag: $map{eacs-test-01} = EAG
98: Making tag: $map{eacs-test-03} = EAG
99: Making tag: $map{kentest2} = EAG
100: Making tag: $map{ph-CentOS7-firebrand} = EAG
101: Making tag: $map{ph-CentOS7-wavemaker} = EAG
102: Making tag: $map{ph-CentOS7-zealot} = EAG
103: Making tag: $map{CentOSTest} = EAG
104: Making tag: $map{VMwarevCenterServerAppliance} = EAG
105: Making tag: $map{VMwarevCenterServerPlatformServicesControl} = EAG
106: Making tag: $map{CentOS7} = EAG
107: Making tag: $map{CentOSTest-Jima} = EAG
108: Making tag: $map{vShield-Edge-DIIDMZ-0} = EAG
109: Making tag: $map{vShield-Edge-DIIDMZ-1} = EAG
110: Making tag: $map{vShield-Edge-DII-0} = EAG
111: Making tag: $map{vShield-Edge-DII-1} = EAG
112: Making tag: $map{vShield-Edge-DIIDMZ-0} = EAG
113: Making tag: $map{vShield-Edge-DIIDMZ-1} = EAG
114: Making tag: $map{Win10-x64_ERP} = EAG
115: Making tag: $map{VTADS-Ginger} = JUD
116: Making tag: $map{VTADS-Nutmeg} = JUD
117: Making tag: $map{VTADS-Parsley} = JUD
118: Making tag: $map{VTADS-Rosemary} = JUD
119: Making tag: $map{VTADS-Saffron} = JUD
120: Making tag: $map{VTADS-Sage} = JUD
121: Making tag: $map{VTADS-Slothrup} = JUD
122: Making tag: $map{VTADS-Thyme} = JUD

^#,   VM Name,                                       Annot,   numCPU,   memoryMB,Provisioned,    Used,               Remaining^
^#,VMName,Annot,numCPU,memoryMB,Provisioned,Used,Remaining^
1,line has 8 fields.
^1,   ADS-NS5,                                       Addit,   1,        4096,    58183437065,    2428504841,         95.8 %^
^1,ADS-NS5,Addit,1,4096,58183437065,2428504841,95.8%^
CPU: 1
MEM: 4
PROV: 58183437065
PROV: 54.19
PROV_T: 0.05
2,line has 8 fields. $knum: 1
NOTE1: Addit
NOTE2: Addit
F1: FIRST: Found match: ADS
^ADS,ADS-NS5,1,4,54.19,2.26,95.8%,172.32,2382.50,2554.82^
^2,   CS- Jon-Workstation,                           ,        1,        4096,    80370177427,    80370177427,        0 %^
^2,CS-Jon-Workstation,,1,4096,80370177427,80370177427,0%^
CPU: 1
MEM: 4
PROV: 80370177427
PROV: 74.85
PROV_T: 0.07
3,line has 8 fields. $knum: 1
NOTE1: 
NOTE2: 
F1: FIRST: Found match: CS
^CS,CS-Jon-Workstation,1,4,74.85,74.85,0%,238.02,2382.50,2620.52^
^3,   CS-DR-TEST01,                                  ,        1,        4096,    80457902898,    80457902898,        0 %^
^3,CS-DR-TEST01,,1,4096,80457902898,80457902898,0%^
CPU: 1
MEM: 4
PROV: 80457902898
PROV: 74.93
PROV_T: 0.07
4,line has 8 fields. $knum: 1
NOTE1: 
NOTE2: 
F1: FIRST: Found match: CS
^CS,CS-DR-TEST01,1,4,74.93,74.93,0%,238.28,2382.50,2620.78^
^4,   CS-DR-TEST02,                                  ,        1,        4096,    80424584697,    80424584697,        0 %^
^4,CS-DR-TEST02,,1,4096,80424584697,80424584697,0%^
CPU: 1
MEM: 4
PROV: 80424584697
PROV: 74.90
PROV_T: 0.07
5,line has 8 fields. $knum: 1
NOTE1: 
NOTE2: 
F1: FIRST: Found match: CS
^CS,CS-DR-TEST02,1,4,74.90,74.90,0%,238.18,2382.50,2620.68^
^5,   EACS-GitLab-01,                                ,        2,        8192,    433908737585,   22405572145,        94.8 %^
^5,EACS-GitLab-01,,2,8192,433908737585,22405572145,94.8%^
CPU: 2
MEM: 8
PROV: 433908737585
PROV: 404.11
PROV_T: 0.40
6,line has 8 fields. $knum: 1
NOTE1: 
NOTE2: 
F3: FoundExp, in Exceptions File: ${HASH(0x1bf03f8)}{EACS-GitLab-01} =  EAG
^EAG,EACS-GitLab-01,2,8,404.11,20.87,94.8%,1285.07,3683.40,4968.47^
^6,   EAG-PFSENSE-ADS-DR-01,                         ,        2,        4096,    23738018917,    7963241573,         66.5 %^
^6,EAG-PFSENSE-ADS-DR-01,,2,4096,23738018917,7963241573,66.5%^
CPU: 2
MEM: 4
PROV: 23738018917
PROV: 22.11
PROV_T: 0.02
7,line has 8 fields. $knum: 1
NOTE1: 
NOTE2: 
F1: FIRST: Found match: EAG
^EAG,EAG-PFSENSE-ADS-DR-01,2,4,22.11,7.42,66.5%,70.31,2483.40,2553.71^
^7,   EAG-PFSENSE-ADS-DR-02,                         ,        2,        4096,    23738046493,    7963269149,         66.5 %^
^7,EAG-PFSENSE-ADS-DR-02,,2,4096,23738046493,7963269149,66.5%^
CPU: 2
MEM: 4
PROV: 23738046493
PROV: 22.11
PROV_T: 0.02
8,line has 8 fields. $knum: 1
NOTE1: 
NOTE2: 
F1: FIRST: Found match: EAG
^EAG,EAG-PFSENSE-ADS-DR-02,2,4,22.11,7.42,66.5%,70.31,2483.40,2553.71^
^8,   EAG-PFSENSE-EACS-DR-01,                        ,        2,        4096,    23739896599,    7965119255,         66.4 %^
^8,EAG-PFSENSE-EACS-DR-01,,2,4096,23739896599,7965119255,66.4%^
CPU: 2
MEM: 4
PROV: 23739896599
PROV: 22.11
PROV_T: 0.02
9,line has 8 fields. $knum: 1
NOTE1: 
NOTE2: 
F1: FIRST: Found match: EAG
^EAG,EAG-PFSENSE-EACS-DR-01,2,4,22.11,7.42,66.4%,70.31,2483.40,2553.71^
^9,   EAG-PFSENSE-EACS-DR-02,                        ,        2,        4096,    23739885525,    7965108181,         66.4 %^
^9,EAG-PFSENSE-EACS-DR-02,,2,4096,23739885525,7965108181,66.4%^
CPU: 2
MEM: 4
PROV: 23739885525
PROV: 22.11
PROV_T: 0.02
10,line has 8 fields. $knum: 1
NOTE1: 
NOTE2: 
F1: FIRST: Found match: EAG
^EAG,EAG-PFSENSE-EACS-DR-02,2,4,22.11,7.42,66.4%,70.31,2483.40,2553.71^
^10,  EAG-PFSENSE-JUD-DR-01,                         ,        2,        2048,    21591211258,    5833211130,         73.0 %^
^10,EAG-PFSENSE-JUD-DR-01,,2,2048,21591211258,5833211130,73.0%^
CPU: 2
MEM: 2
PROV: 21591211258
PROV: 20.11
PROV_T: 0.02
11,line has 8 fields. $knum: 1
NOTE1: 
NOTE2: 
F1: FIRST: Found match: EAG
^EAG,EAG-PFSENSE-JUD-DR-01,2,2,20.11,5.43,73.0%,63.95,1883.40,1947.35^
^11,  EAG-PFSENSE-JUD-DR-02,                         ,        2,        2048,    21591115655,    5833115527,         73.0 %^
^11,EAG-PFSENSE-JUD-DR-02,,2,2048,21591115655,5833115527,73.0%^
CPU: 2
MEM: 2
PROV: 21591115655
PROV: 20.11
PROV_T: 0.02
12,line has 8 fields. $knum: 1
NOTE1: 
NOTE2: 
F1: FIRST: Found match: EAG
^EAG,EAG-PFSENSE-JUD-DR-02,2,2,20.11,5.43,73.0%,63.95,1883.40,1947.35^
^12,  EAG-TST-PH-insurgent,                          ,        1,        2048,    19445184681,    6564477097,         66.2 %^
^12,EAG-TST-PH-insurgent,,1,2048,19445184681,6564477097,66.2%^
CPU: 1
MEM: 2
PROV: 19445184681
PROV: 18.11
PROV_T: 0.02
13,line has 8 fields. $knum: 1
NOTE1: 
NOTE2: 
F1: FIRST: Found match: EAG
^EAG,EAG-TST-PH-insurgent,1,2,18.11,6.11,66.2%,57.59,1782.50,1840.09^
^13,  EAG-pfSense-ERP-DR-01,                         ,        2,        4096,    23739779198,    7889504382,         66.8 %^
^13,EAG-pfSense-ERP-DR-01,,2,4096,23739779198,7889504382,66.8%^
CPU: 2
MEM: 4
PROV: 23739779198
PROV: 22.11
PROV_T: 0.02
14,line has 8 fields. $knum: 1
NOTE1: 
NOTE2: 
F1: FIRST: Found match: EAG
^EAG,EAG-pfSense-ERP-DR-01,2,4,22.11,7.35,66.8%,70.31,2483.40,2553.71^
^14,  EAG-pfSense-ERP-DR-02,                         ,        2,        4096,    23739672842,    7889398026,         66.8 %^
^14,EAG-pfSense-ERP-DR-02,,2,4096,23739672842,7889398026,66.8%^
CPU: 2
MEM: 4
PROV: 23739672842
PROV: 22.11
PROV_T: 0.02
15,line has 8 fields. $knum: 1
NOTE1: 
NOTE2: 
F1: FIRST: Found match: EAG
^EAG,EAG-pfSense-ERP-DR-02,2,4,22.11,7.35,66.8%,70.31,2483.40,2553.71^
^15,  ERP-BIGIPVEDR01,                               ,        2,        8192,    116154612043,   75499851,           99.9 %^
^15,ERP-BIGIPVEDR01,,2,8192,116154612043,75499851,99.9%^
CPU: 2
MEM: 8
PROV: 116154612043
PROV: 108.18
PROV_T: 0.11
16,line has 8 fields. $knum: 1
NOTE1: 
NOTE2: 
F1: FIRST: Found match: ERP
^ERP,ERP-BIGIPVEDR01,2,8,108.18,0.07,99.9%,344.01,3683.40,4027.41^
^16,  ERP-BIGIPVEDR02,                               ,        2,        8192,    116154612077,   75499885,           99.9 %^
^16,ERP-BIGIPVEDR02,,2,8192,116154612077,75499885,99.9%^
CPU: 2
MEM: 8
PROV: 116154612077
PROV: 108.18
PROV_T: 0.11
17,line has 8 fields. $knum: 1
NOTE1: 
NOTE2: 
F1: FIRST: Found match: ERP
^ERP,ERP-BIGIPVEDR02,2,8,108.18,0.07,99.9%,344.01,3683.40,4027.41^
^17,  ERP-CORR-DR,                                   ,        2,        8192,    94679775458,    37751010,           100.0 %^
^17,ERP-CORR-DR,,2,8192,94679775458,37751010,100.0%^
CPU: 2
MEM: 8
PROV: 94679775458
PROV: 88.18
PROV_T: 0.09
18,line has 8 fields. $knum: 1
NOTE1: 
NOTE2: 
F1: FIRST: Found match: ERP
^ERP,ERP-CORR-DR,2,8,88.18,0.04,100.0%,280.41,3683.40,3963.81^
^18,  ERP-CPALISSON-DR,                              ,        2,        8192,    94679775478,    37751030,           100.0 %^
^18,ERP-CPALISSON-DR,,2,8192,94679775478,37751030,100.0%^
CPU: 2
MEM: 8
PROV: 94679775478
PROV: 88.18
PROV_T: 0.09
19,line has 8 fields. $knum: 1
NOTE1: 
NOTE2: 
F1: FIRST: Found match: ERP
^ERP,ERP-CPALISSON-DR,2,8,88.18,0.04,100.0%,280.41,3683.40,3963.81^
^19,  ERP-DBFMDR01,                                  ,        4,        36864,   2070368952870,  591401510,          100.0 %^
^19,ERP-DBFMDR01,,4,36864,2070368952870,591401510,100.0%^
CPU: 4
MEM: 36
PROV: 2070368952870
PROV: 1928.18
PROV_T: 1.93
20,line has 8 fields. $knum: 1
NOTE1: 
NOTE2: 
F1: FIRST: Found match: ERP
^ERP,ERP-DBFMDR01,4,36,1928.18,0.55,100.0%,6131.61,12290.67,18422.29^
^20,  ERP-DNS07,                                     ,        2,        4096,    1164126632683,  75963042539,        93.5 %^
^20,ERP-DNS07,,2,4096,1164126632683,75963042539,93.5%^
CPU: 2
MEM: 4
PROV: 1164126632683
PROV: 1084.18
PROV_T: 1.08
21,line has 8 fields. $knum: 1
NOTE1: 
NOTE2: 
F1: FIRST: Found match: ERP
^ERP,ERP-DNS07,2,4,1084.18,70.75,93.5%,3447.69,2483.40,5931.09^
^21,  ERP-DNS08,                                     ,        2,        4096,    90384808291,    75837213027,        16.1 %^
^21,ERP-DNS08,,2,4096,90384808291,75837213027,16.1%^
CPU: 2
MEM: 4
PROV: 90384808291
PROV: 84.18
PROV_T: 0.08
22,line has 8 fields. $knum: 1
NOTE1: 
NOTE2: 
F1: FIRST: Found match: ERP
^ERP,ERP-DNS08,2,4,84.18,70.63,16.1%,267.69,2483.40,2751.09^
^22,  ERP-DRRECCAT,                                  ,        2,        4096,    8907879347877,  20597962405,        99.8 %^
^22,ERP-DRRECCAT,,2,4096,8907879347877,20597962405,99.8%^
CPU: 2
MEM: 4
PROV: 8907879347877
PROV: 8296.11
PROV_T: 8.30
23,line has 8 fields. $knum: 1
NOTE1: 
NOTE2: 
F1: FIRST: Found match: ERP
^ERP,ERP-DRRECCAT,2,4,8296.11,19.18,99.8%,26381.63,2483.40,28865.03^
^23,  ERP-ES-DR01,                                   ,        2,        32768,   335197944185,   75499897,           100.0 %^
^23,ERP-ES-DR01,,2,32768,335197944185,75499897,100.0%^
CPU: 2
MEM: 32
PROV: 335197944185
PROV: 312.18
PROV_T: 0.31
24,line has 8 fields. $knum: 1
NOTE1: 
NOTE2: 
F1: FIRST: Found match: ERP
^ERP,ERP-ES-DR01,2,32,312.18,0.07,100.0%,992.73,10883.40,11876.13^
^24,  ERP-FMDRAPP01,                                 ,        8,        12288,   207397833879,   194309782679,       6.3 %^
^24,ERP-FMDRAPP01,,8,12288,207397833879,194309782679,6.3%^
CPU: 8
MEM: 12
PROV: 207397833879
PROV: 193.15
PROV_T: 0.19
25,line has 8 fields. $knum: 1
NOTE1: 
NOTE2: 
F1: FIRST: Found match: ERP
^ERP,ERP-FMDRAPP01,8,12,193.15,180.97,6.3%,614.22,5527.81,6142.03^
^25,  ERP-FMDRAPP02,                                 ,        8,        12288,   144994720636,   131906669436,       9.0 %^
^25,ERP-FMDRAPP02,,8,12288,144994720636,131906669436,9.0%^
CPU: 8
MEM: 12
PROV: 144994720636
PROV: 135.04
PROV_T: 0.14
26,line has 8 fields. $knum: 1
NOTE1: 
NOTE2: 
F1: FIRST: Found match: ERP
^ERP,ERP-FMDRAPP02,8,12,135.04,122.85,9.0%,429.43,5527.81,5957.24^

Header:
# [0 + 1 = 1]
VMName [1 + 1 = 2]
Annot [2 + 1 = 3]
numCPU [3 + 1 = 4]
memoryMB [4 + 1 = 5]
Provisioned [5 + 1 = 6]
Used [6 + 1 = 7]
Remaining [7 + 1 = 8]

Total lines: 26.
Dumper @header
$VAR1 = [
          '#',
          'VMName',
          'Annot',
          'numCPU',
          'memoryMB',
          'Provisioned',
          'Used',
          'Remaining'
        ];
$VAR1 = \{
            'CS' => [
                      [
                        '2,CS-Jon-Workstation,,1,4096,80370177427,80370177427,0%,1,4,74.85,0.07,238.02,2382.50,2620.52'
                      ],
                      [
                        '3,CS-DR-TEST01,,1,4096,80457902898,80457902898,0%,1,4,74.93,0.07,238.28,2382.50,2620.78'
                      ],
                      [
                        '4,CS-DR-TEST02,,1,4096,80424584697,80424584697,0%,1,4,74.90,0.07,238.18,2382.50,2620.68'
                      ]
                    ],
            'EAG' => [
                       [
                         '5,EACS-GitLab-01,,2,8192,433908737585,22405572145,94.8%,2,8,404.11,0.40,1285.07,3683.40,4968.47'
                       ],
                       [
                         '6,EAG-PFSENSE-ADS-DR-01,,2,4096,23738018917,7963241573,66.5%,2,4,22.11,0.02,70.31,2483.40,2553.71'
                       ],
                       [
                         '7,EAG-PFSENSE-ADS-DR-02,,2,4096,23738046493,7963269149,66.5%,2,4,22.11,0.02,70.31,2483.40,2553.71'
                       ],
                       [
                         '8,EAG-PFSENSE-EACS-DR-01,,2,4096,23739896599,7965119255,66.4%,2,4,22.11,0.02,70.31,2483.40,2553.71'
                       ],
                       [
                         '9,EAG-PFSENSE-EACS-DR-02,,2,4096,23739885525,7965108181,66.4%,2,4,22.11,0.02,70.31,2483.40,2553.71'
                       ],
                       [
                         '10,EAG-PFSENSE-JUD-DR-01,,2,2048,21591211258,5833211130,73.0%,2,2,20.11,0.02,63.95,1883.40,1947.35'
                       ],
                       [
                         '11,EAG-PFSENSE-JUD-DR-02,,2,2048,21591115655,5833115527,73.0%,2,2,20.11,0.02,63.95,1883.40,1947.35'
                       ],
                       [
                         '12,EAG-TST-PH-insurgent,,1,2048,19445184681,6564477097,66.2%,1,2,18.11,0.02,57.59,1782.50,1840.09'
                       ],
                       [
                         '13,EAG-pfSense-ERP-DR-01,,2,4096,23739779198,7889504382,66.8%,2,4,22.11,0.02,70.31,2483.40,2553.71'
                       ],
                       [
                         '14,EAG-pfSense-ERP-DR-02,,2,4096,23739672842,7889398026,66.8%,2,4,22.11,0.02,70.31,2483.40,2553.71'
                       ]
                     ],
            'ADS' => [
                       [
                         '1,ADS-NS5,Addit,1,4096,58183437065,2428504841,95.8%,1,4,54.19,0.05,172.32,2382.50,2554.82'
                       ]
                     ],
            'ERP' => [
                       [
                         '15,ERP-BIGIPVEDR01,,2,8192,116154612043,75499851,99.9%,2,8,108.18,0.11,344.01,3683.40,4027.41'
                       ],
                       [
                         '16,ERP-BIGIPVEDR02,,2,8192,116154612077,75499885,99.9%,2,8,108.18,0.11,344.01,3683.40,4027.41'
                       ],
                       [
                         '17,ERP-CORR-DR,,2,8192,94679775458,37751010,100.0%,2,8,88.18,0.09,280.41,3683.40,3963.81'
                       ],
                       [
                         '18,ERP-CPALISSON-DR,,2,8192,94679775478,37751030,100.0%,2,8,88.18,0.09,280.41,3683.40,3963.81'
                       ],
                       [
                         '19,ERP-DBFMDR01,,4,36864,2070368952870,591401510,100.0%,4,36,1928.18,1.93,6131.61,12290.67,18422.29'
                       ],
                       [
                         '20,ERP-DNS07,,2,4096,1164126632683,75963042539,93.5%,2,4,1084.18,1.08,3447.69,2483.40,5931.09'
                       ],
                       [
                         '21,ERP-DNS08,,2,4096,90384808291,75837213027,16.1%,2,4,84.18,0.08,267.69,2483.40,2751.09'
                       ],
                       [
                         '22,ERP-DRRECCAT,,2,4096,8907879347877,20597962405,99.8%,2,4,8296.11,8.30,26381.63,2483.40,28865.03'
                       ],
                       [
                         '23,ERP-ES-DR01,,2,32768,335197944185,75499897,100.0%,2,32,312.18,0.31,992.73,10883.40,11876.13'
                       ],
                       [
                         '24,ERP-FMDRAPP01,,8,12288,207397833879,194309782679,6.3%,8,12,193.15,0.19,614.22,5527.81,6142.03'
                       ],
                       [
                         '25,ERP-FMDRAPP02,,8,12288,144994720636,131906669436,9.0%,8,12,135.04,0.14,429.43,5527.81,5957.24'
                       ]
                     ],
            'header' => [
                          [
                            '#,VMName,Annot,numCPU,memoryMB,Provisioned,Used,Remaining'
                          ]
                        ]
          };


---< Start print_hash_ref Sub >-----
ADS:
	0,0: 1,ADS-NS5,Addit,1,4096,58183437065,2428504841,95.8%,1,4,54.19,0.05,172.32,2382.50,2554.82
CS:
	0,0: 2,CS-Jon-Workstation,,1,4096,80370177427,80370177427,0%,1,4,74.85,0.07,238.02,2382.50,2620.52
	1,0: 3,CS-DR-TEST01,,1,4096,80457902898,80457902898,0%,1,4,74.93,0.07,238.28,2382.50,2620.78
	2,0: 4,CS-DR-TEST02,,1,4096,80424584697,80424584697,0%,1,4,74.90,0.07,238.18,2382.50,2620.68
EAG:
	0,0: 5,EACS-GitLab-01,,2,8192,433908737585,22405572145,94.8%,2,8,404.11,0.40,1285.07,3683.40,4968.47
	1,0: 6,EAG-PFSENSE-ADS-DR-01,,2,4096,23738018917,7963241573,66.5%,2,4,22.11,0.02,70.31,2483.40,2553.71
	2,0: 7,EAG-PFSENSE-ADS-DR-02,,2,4096,23738046493,7963269149,66.5%,2,4,22.11,0.02,70.31,2483.40,2553.71
	3,0: 8,EAG-PFSENSE-EACS-DR-01,,2,4096,23739896599,7965119255,66.4%,2,4,22.11,0.02,70.31,2483.40,2553.71
	4,0: 9,EAG-PFSENSE-EACS-DR-02,,2,4096,23739885525,7965108181,66.4%,2,4,22.11,0.02,70.31,2483.40,2553.71
	5,0: 10,EAG-PFSENSE-JUD-DR-01,,2,2048,21591211258,5833211130,73.0%,2,2,20.11,0.02,63.95,1883.40,1947.35
	6,0: 11,EAG-PFSENSE-JUD-DR-02,,2,2048,21591115655,5833115527,73.0%,2,2,20.11,0.02,63.95,1883.40,1947.35
	7,0: 12,EAG-TST-PH-insurgent,,1,2048,19445184681,6564477097,66.2%,1,2,18.11,0.02,57.59,1782.50,1840.09
	8,0: 13,EAG-pfSense-ERP-DR-01,,2,4096,23739779198,7889504382,66.8%,2,4,22.11,0.02,70.31,2483.40,2553.71
	9,0: 14,EAG-pfSense-ERP-DR-02,,2,4096,23739672842,7889398026,66.8%,2,4,22.11,0.02,70.31,2483.40,2553.71
ERP:
	0,0: 15,ERP-BIGIPVEDR01,,2,8192,116154612043,75499851,99.9%,2,8,108.18,0.11,344.01,3683.40,4027.41
	1,0: 16,ERP-BIGIPVEDR02,,2,8192,116154612077,75499885,99.9%,2,8,108.18,0.11,344.01,3683.40,4027.41
	2,0: 17,ERP-CORR-DR,,2,8192,94679775458,37751010,100.0%,2,8,88.18,0.09,280.41,3683.40,3963.81
	3,0: 18,ERP-CPALISSON-DR,,2,8192,94679775478,37751030,100.0%,2,8,88.18,0.09,280.41,3683.40,3963.81
	4,0: 19,ERP-DBFMDR01,,4,36864,2070368952870,591401510,100.0%,4,36,1928.18,1.93,6131.61,12290.67,18422.29
	5,0: 20,ERP-DNS07,,2,4096,1164126632683,75963042539,93.5%,2,4,1084.18,1.08,3447.69,2483.40,5931.09
	6,0: 21,ERP-DNS08,,2,4096,90384808291,75837213027,16.1%,2,4,84.18,0.08,267.69,2483.40,2751.09
	7,0: 22,ERP-DRRECCAT,,2,4096,8907879347877,20597962405,99.8%,2,4,8296.11,8.30,26381.63,2483.40,28865.03
	8,0: 23,ERP-ES-DR01,,2,32768,335197944185,75499897,100.0%,2,32,312.18,0.31,992.73,10883.40,11876.13
	9,0: 24,ERP-FMDRAPP01,,8,12288,207397833879,194309782679,6.3%,8,12,193.15,0.19,614.22,5527.81,6142.03
	10,0: 25,ERP-FMDRAPP02,,8,12288,144994720636,131906669436,9.0%,8,12,135.04,0.14,429.43,5527.81,5957.24
header:
	0,0: #,VMName,Annot,numCPU,memoryMB,Provisioned,Used,Remaining
---< End print_hash_ref Sub >-----


---< Start print_hash_ref Sub >-----
ADS:
	0,0: ADS
	0,1: ADS-NS5
	0,2: 1
	0,3: 4
	0,4: 54.19
	0,5: 2.26
	0,6: 95.8%
	0,7: 172.32
	0,8: 2382.50
	0,9: 2554.82
CS:
	0,0: CS
	0,1: CS-Jon-Workstation
	0,2: 1
	0,3: 4
	0,4: 74.85
	0,5: 74.85
	0,6: 0%
	0,7: 238.02
	0,8: 2382.50
	0,9: 2620.52
	1,0: CS
	1,1: CS-DR-TEST01
	1,2: 1
	1,3: 4
	1,4: 74.93
	1,5: 74.93
	1,6: 0%
	1,7: 238.28
	1,8: 2382.50
	1,9: 2620.78
	2,0: CS
	2,1: CS-DR-TEST02
	2,2: 1
	2,3: 4
	2,4: 74.90
	2,5: 74.90
	2,6: 0%
	2,7: 238.18
	2,8: 2382.50
	2,9: 2620.68
EAG:
	0,0: EAG
	0,1: EACS-GitLab-01
	0,2: 2
	0,3: 8
	0,4: 404.11
	0,5: 20.87
	0,6: 94.8%
	0,7: 1285.07
	0,8: 3683.40
	0,9: 4968.47
	1,0: EAG
	1,1: EAG-PFSENSE-ADS-DR-01
	1,2: 2
	1,3: 4
	1,4: 22.11
	1,5: 7.42
	1,6: 66.5%
	1,7: 70.31
	1,8: 2483.40
	1,9: 2553.71
	2,0: EAG
	2,1: EAG-PFSENSE-ADS-DR-02
	2,2: 2
	2,3: 4
	2,4: 22.11
	2,5: 7.42
	2,6: 66.5%
	2,7: 70.31
	2,8: 2483.40
	2,9: 2553.71
	3,0: EAG
	3,1: EAG-PFSENSE-EACS-DR-01
	3,2: 2
	3,3: 4
	3,4: 22.11
	3,5: 7.42
	3,6: 66.4%
	3,7: 70.31
	3,8: 2483.40
	3,9: 2553.71
	4,0: EAG
	4,1: EAG-PFSENSE-EACS-DR-02
	4,2: 2
	4,3: 4
	4,4: 22.11
	4,5: 7.42
	4,6: 66.4%
	4,7: 70.31
	4,8: 2483.40
	4,9: 2553.71
	5,0: EAG
	5,1: EAG-PFSENSE-JUD-DR-01
	5,2: 2
	5,3: 2
	5,4: 20.11
	5,5: 5.43
	5,6: 73.0%
	5,7: 63.95
	5,8: 1883.40
	5,9: 1947.35
	6,0: EAG
	6,1: EAG-PFSENSE-JUD-DR-02
	6,2: 2
	6,3: 2
	6,4: 20.11
	6,5: 5.43
	6,6: 73.0%
	6,7: 63.95
	6,8: 1883.40
	6,9: 1947.35
	7,0: EAG
	7,1: EAG-TST-PH-insurgent
	7,2: 1
	7,3: 2
	7,4: 18.11
	7,5: 6.11
	7,6: 66.2%
	7,7: 57.59
	7,8: 1782.50
	7,9: 1840.09
	8,0: EAG
	8,1: EAG-pfSense-ERP-DR-01
	8,2: 2
	8,3: 4
	8,4: 22.11
	8,5: 7.35
	8,6: 66.8%
	8,7: 70.31
	8,8: 2483.40
	8,9: 2553.71
	9,0: EAG
	9,1: EAG-pfSense-ERP-DR-02
	9,2: 2
	9,3: 4
	9,4: 22.11
	9,5: 7.35
	9,6: 66.8%
	9,7: 70.31
	9,8: 2483.40
	9,9: 2553.71
ERP:
	0,0: ERP
	0,1: ERP-BIGIPVEDR01
	0,2: 2
	0,3: 8
	0,4: 108.18
	0,5: 0.07
	0,6: 99.9%
	0,7: 344.01
	0,8: 3683.40
	0,9: 4027.41
	1,0: ERP
	1,1: ERP-BIGIPVEDR02
	1,2: 2
	1,3: 8
	1,4: 108.18
	1,5: 0.07
	1,6: 99.9%
	1,7: 344.01
	1,8: 3683.40
	1,9: 4027.41
	2,0: ERP
	2,1: ERP-CORR-DR
	2,2: 2
	2,3: 8
	2,4: 88.18
	2,5: 0.04
	2,6: 100.0%
	2,7: 280.41
	2,8: 3683.40
	2,9: 3963.81
	3,0: ERP
	3,1: ERP-CPALISSON-DR
	3,2: 2
	3,3: 8
	3,4: 88.18
	3,5: 0.04
	3,6: 100.0%
	3,7: 280.41
	3,8: 3683.40
	3,9: 3963.81
	4,0: ERP
	4,1: ERP-DBFMDR01
	4,2: 4
	4,3: 36
	4,4: 1928.18
	4,5: 0.55
	4,6: 100.0%
	4,7: 6131.61
	4,8: 12290.67
	4,9: 18422.29
	5,0: ERP
	5,1: ERP-DNS07
	5,2: 2
	5,3: 4
	5,4: 1084.18
	5,5: 70.75
	5,6: 93.5%
	5,7: 3447.69
	5,8: 2483.40
	5,9: 5931.09
	6,0: ERP
	6,1: ERP-DNS08
	6,2: 2
	6,3: 4
	6,4: 84.18
	6,5: 70.63
	6,6: 16.1%
	6,7: 267.69
	6,8: 2483.40
	6,9: 2751.09
	7,0: ERP
	7,1: ERP-DRRECCAT
	7,2: 2
	7,3: 4
	7,4: 8296.11
	7,5: 19.18
	7,6: 99.8%
	7,7: 26381.63
	7,8: 2483.40
	7,9: 28865.03
	8,0: ERP
	8,1: ERP-ES-DR01
	8,2: 2
	8,3: 32
	8,4: 312.18
	8,5: 0.07
	8,6: 100.0%
	8,7: 992.73
	8,8: 10883.40
	8,9: 11876.13
	9,0: ERP
	9,1: ERP-FMDRAPP01
	9,2: 8
	9,3: 12
	9,4: 193.15
	9,5: 180.97
	9,6: 6.3%
	9,7: 614.22
	9,8: 5527.81
	9,9: 6142.03
	10,0: ERP
	10,1: ERP-FMDRAPP02
	10,2: 8
	10,3: 12
	10,4: 135.04
	10,5: 122.85
	10,6: 9.0%
	10,7: 429.43
	10,8: 5527.81
	10,9: 5957.24
---< End print_hash_ref Sub >-----
---< Start iterate_array >---
write line: 2, 0, Org
write line: 2, 1, VmName
write line: 2, 2, numCPU
write line: 2, 3, memoryMB
write line: 2, 4, Provisioned
write line: 2, 5, Used
write line: 2, 6, Remaining%
write line: 2, 7, StorageCost
write line: 2, 8, VmCost
write line: 2, 9, Total
ADS:
write line: 0, 0, ADS
write line: 2, 0, Org
write line: 2, 1, VmName
write line: 2, 2, numCPU
write line: 2, 3, memoryMB
write line: 2, 4, Provisioned
write line: 2, 5, Used
write line: 2, 6, Remaining%
write line: 2, 7, StorageCost
write line: 2, 8, VmCost
write line: 2, 9, Total
$start_col: 9
write line: 3, 0, ADS
write totals line: 3, 0, ADS
	0,0: ADS
write line: 3, 1, ADS-NS5
write totals line: 3, 1, ADS-NS5
	0,1: ADS-NS5
write line: 3, 2, 1
write totals line: 3, 2, 1
	0,2: 1
write line: 3, 3, 4
write totals line: 3, 3, 4
	0,3: 4
write line: 3, 4, 54.19
write totals line: 3, 4, 54.19
	0,4: 54.19
write line: 3, 5, 2.26
write totals line: 3, 5, 2.26
	0,5: 2.26
write line: 3, 6, 95.8%
write totals line: 3, 6, 95.8%
	0,6: 95.8%
write line: 3, 7, 172.32
write totals line: 3, 7, 172.32
	0,7: 172.32
write line: 3, 8, 2382.50
write totals line: 3, 8, 2382.50
	0,8: 2382.50
write line: 3, 9, 2554.82
write totals line: 3, 9, 2554.82
	0,9: 2554.82
$sum_end: S4
$sum: =sum(S4:S4)
write line: 4, 9, =sum(S4:S4)
$sum: =sum(S4:S4)
write line: 4, 8, =sum(J4:J4)
write line: 6, 8, 'Total'
write line: 6, 9, =sum(J4:J4)
CS:
found Owner: CS.
EAG:
found Owner: EAG.
ERP:
write line: 0, 0, ERP
write line: 2, 0, Org
write line: 2, 1, VmName
write line: 2, 2, numCPU
write line: 2, 3, memoryMB
write line: 2, 4, Provisioned
write line: 2, 5, Used
write line: 2, 6, Remaining%
write line: 2, 7, StorageCost
write line: 2, 8, VmCost
write line: 2, 9, Total
$start_col: 9
write line: 3, 0, ERP
write totals line: 4, 0, ERP
	0,0: ERP
write line: 3, 1, ERP-BIGIPVEDR01
write totals line: 4, 1, ERP-BIGIPVEDR01
	0,1: ERP-BIGIPVEDR01
write line: 3, 2, 2
write totals line: 4, 2, 2
	0,2: 2
write line: 3, 3, 8
write totals line: 4, 3, 8
	0,3: 8
write line: 3, 4, 108.18
write totals line: 4, 4, 108.18
	0,4: 108.18
write line: 3, 5, 0.07
write totals line: 4, 5, 0.07
	0,5: 0.07
write line: 3, 6, 99.9%
write totals line: 4, 6, 99.9%
	0,6: 99.9%
write line: 3, 7, 344.01
write totals line: 4, 7, 344.01
	0,7: 344.01
write line: 3, 8, 3683.40
write totals line: 4, 8, 3683.40
	0,8: 3683.40
write line: 3, 9, 4027.41
write totals line: 4, 9, 4027.41
	0,9: 4027.41
write line: 4, 0, ERP
write totals line: 5, 0, ERP
	1,0: ERP
write line: 4, 1, ERP-BIGIPVEDR02
write totals line: 5, 1, ERP-BIGIPVEDR02
	1,1: ERP-BIGIPVEDR02
write line: 4, 2, 2
write totals line: 5, 2, 2
	1,2: 2
write line: 4, 3, 8
write totals line: 5, 3, 8
	1,3: 8
write line: 4, 4, 108.18
write totals line: 5, 4, 108.18
	1,4: 108.18
write line: 4, 5, 0.07
write totals line: 5, 5, 0.07
	1,5: 0.07
write line: 4, 6, 99.9%
write totals line: 5, 6, 99.9%
	1,6: 99.9%
write line: 4, 7, 344.01
write totals line: 5, 7, 344.01
	1,7: 344.01
write line: 4, 8, 3683.40
write totals line: 5, 8, 3683.40
	1,8: 3683.40
write line: 4, 9, 4027.41
write totals line: 5, 9, 4027.41
	1,9: 4027.41
write line: 5, 0, ERP
write totals line: 6, 0, ERP
	2,0: ERP
write line: 5, 1, ERP-CORR-DR
write totals line: 6, 1, ERP-CORR-DR
	2,1: ERP-CORR-DR
write line: 5, 2, 2
write totals line: 6, 2, 2
	2,2: 2
write line: 5, 3, 8
write totals line: 6, 3, 8
	2,3: 8
write line: 5, 4, 88.18
write totals line: 6, 4, 88.18
	2,4: 88.18
write line: 5, 5, 0.04
write totals line: 6, 5, 0.04
	2,5: 0.04
write line: 5, 6, 100.0%
write totals line: 6, 6, 100.0%
	2,6: 100.0%
write line: 5, 7, 280.41
write totals line: 6, 7, 280.41
	2,7: 280.41
write line: 5, 8, 3683.40
write totals line: 6, 8, 3683.40
	2,8: 3683.40
write line: 5, 9, 3963.81
write totals line: 6, 9, 3963.81
	2,9: 3963.81
write line: 6, 0, ERP
write totals line: 7, 0, ERP
	3,0: ERP
write line: 6, 1, ERP-CPALISSON-DR
write totals line: 7, 1, ERP-CPALISSON-DR
	3,1: ERP-CPALISSON-DR
write line: 6, 2, 2
write totals line: 7, 2, 2
	3,2: 2
write line: 6, 3, 8
write totals line: 7, 3, 8
	3,3: 8
write line: 6, 4, 88.18
write totals line: 7, 4, 88.18
	3,4: 88.18
write line: 6, 5, 0.04
write totals line: 7, 5, 0.04
	3,5: 0.04
write line: 6, 6, 100.0%
write totals line: 7, 6, 100.0%
	3,6: 100.0%
write line: 6, 7, 280.41
write totals line: 7, 7, 280.41
	3,7: 280.41
write line: 6, 8, 3683.40
write totals line: 7, 8, 3683.40
	3,8: 3683.40
write line: 6, 9, 3963.81
write totals line: 7, 9, 3963.81
	3,9: 3963.81
write line: 7, 0, ERP
write totals line: 8, 0, ERP
	4,0: ERP
write line: 7, 1, ERP-DBFMDR01
write totals line: 8, 1, ERP-DBFMDR01
	4,1: ERP-DBFMDR01
write line: 7, 2, 4
write totals line: 8, 2, 4
	4,2: 4
write line: 7, 3, 36
write totals line: 8, 3, 36
	4,3: 36
write line: 7, 4, 1928.18
write totals line: 8, 4, 1928.18
	4,4: 1928.18
write line: 7, 5, 0.55
write totals line: 8, 5, 0.55
	4,5: 0.55
write line: 7, 6, 100.0%
write totals line: 8, 6, 100.0%
	4,6: 100.0%
write line: 7, 7, 6131.61
write totals line: 8, 7, 6131.61
	4,7: 6131.61
write line: 7, 8, 12290.67
write totals line: 8, 8, 12290.67
	4,8: 12290.67
write line: 7, 9, 18422.29
write totals line: 8, 9, 18422.29
	4,9: 18422.29
write line: 8, 0, ERP
write totals line: 9, 0, ERP
	5,0: ERP
write line: 8, 1, ERP-DNS07
write totals line: 9, 1, ERP-DNS07
	5,1: ERP-DNS07
write line: 8, 2, 2
write totals line: 9, 2, 2
	5,2: 2
write line: 8, 3, 4
write totals line: 9, 3, 4
	5,3: 4
write line: 8, 4, 1084.18
write totals line: 9, 4, 1084.18
	5,4: 1084.18
write line: 8, 5, 70.75
write totals line: 9, 5, 70.75
	5,5: 70.75
write line: 8, 6, 93.5%
write totals line: 9, 6, 93.5%
	5,6: 93.5%
write line: 8, 7, 3447.69
write totals line: 9, 7, 3447.69
	5,7: 3447.69
write line: 8, 8, 2483.40
write totals line: 9, 8, 2483.40
	5,8: 2483.40
write line: 8, 9, 5931.09
write totals line: 9, 9, 5931.09
	5,9: 5931.09
write line: 9, 0, ERP
write totals line: 10, 0, ERP
	6,0: ERP
write line: 9, 1, ERP-DNS08
write totals line: 10, 1, ERP-DNS08
	6,1: ERP-DNS08
write line: 9, 2, 2
write totals line: 10, 2, 2
	6,2: 2
write line: 9, 3, 4
write totals line: 10, 3, 4
	6,3: 4
write line: 9, 4, 84.18
write totals line: 10, 4, 84.18
	6,4: 84.18
write line: 9, 5, 70.63
write totals line: 10, 5, 70.63
	6,5: 70.63
write line: 9, 6, 16.1%
write totals line: 10, 6, 16.1%
	6,6: 16.1%
write line: 9, 7, 267.69
write totals line: 10, 7, 267.69
	6,7: 267.69
write line: 9, 8, 2483.40
write totals line: 10, 8, 2483.40
	6,8: 2483.40
write line: 9, 9, 2751.09
write totals line: 10, 9, 2751.09
	6,9: 2751.09
write line: 10, 0, ERP
write totals line: 11, 0, ERP
	7,0: ERP
write line: 10, 1, ERP-DRRECCAT
write totals line: 11, 1, ERP-DRRECCAT
	7,1: ERP-DRRECCAT
write line: 10, 2, 2
write totals line: 11, 2, 2
	7,2: 2
write line: 10, 3, 4
write totals line: 11, 3, 4
	7,3: 4
write line: 10, 4, 8296.11
write totals line: 11, 4, 8296.11
	7,4: 8296.11
write line: 10, 5, 19.18
write totals line: 11, 5, 19.18
	7,5: 19.18
write line: 10, 6, 99.8%
write totals line: 11, 6, 99.8%
	7,6: 99.8%
write line: 10, 7, 26381.63
write totals line: 11, 7, 26381.63
	7,7: 26381.63
write line: 10, 8, 2483.40
write totals line: 11, 8, 2483.40
	7,8: 2483.40
write line: 10, 9, 28865.03
write totals line: 11, 9, 28865.03
	7,9: 28865.03
write line: 11, 0, ERP
write totals line: 12, 0, ERP
	8,0: ERP
write line: 11, 1, ERP-ES-DR01
write totals line: 12, 1, ERP-ES-DR01
	8,1: ERP-ES-DR01
write line: 11, 2, 2
write totals line: 12, 2, 2
	8,2: 2
write line: 11, 3, 32
write totals line: 12, 3, 32
	8,3: 32
write line: 11, 4, 312.18
write totals line: 12, 4, 312.18
	8,4: 312.18
write line: 11, 5, 0.07
write totals line: 12, 5, 0.07
	8,5: 0.07
write line: 11, 6, 100.0%
write totals line: 12, 6, 100.0%
	8,6: 100.0%
write line: 11, 7, 992.73
write totals line: 12, 7, 992.73
	8,7: 992.73
write line: 11, 8, 10883.40
write totals line: 12, 8, 10883.40
	8,8: 10883.40
write line: 11, 9, 11876.13
write totals line: 12, 9, 11876.13
	8,9: 11876.13
write line: 12, 0, ERP
write totals line: 13, 0, ERP
	9,0: ERP
write line: 12, 1, ERP-FMDRAPP01
write totals line: 13, 1, ERP-FMDRAPP01
	9,1: ERP-FMDRAPP01
write line: 12, 2, 8
write totals line: 13, 2, 8
	9,2: 8
write line: 12, 3, 12
write totals line: 13, 3, 12
	9,3: 12
write line: 12, 4, 193.15
write totals line: 13, 4, 193.15
	9,4: 193.15
write line: 12, 5, 180.97
write totals line: 13, 5, 180.97
	9,5: 180.97
write line: 12, 6, 6.3%
write totals line: 13, 6, 6.3%
	9,6: 6.3%
write line: 12, 7, 614.22
write totals line: 13, 7, 614.22
	9,7: 614.22
write line: 12, 8, 5527.81
write totals line: 13, 8, 5527.81
	9,8: 5527.81
write line: 12, 9, 6142.03
write totals line: 13, 9, 6142.03
	9,9: 6142.03
write line: 13, 0, ERP
write totals line: 14, 0, ERP
	10,0: ERP
write line: 13, 1, ERP-FMDRAPP02
write totals line: 14, 1, ERP-FMDRAPP02
	10,1: ERP-FMDRAPP02
write line: 13, 2, 8
write totals line: 14, 2, 8
	10,2: 8
write line: 13, 3, 12
write totals line: 14, 3, 12
	10,3: 12
write line: 13, 4, 135.04
write totals line: 14, 4, 135.04
	10,4: 135.04
write line: 13, 5, 122.85
write totals line: 14, 5, 122.85
	10,5: 122.85
write line: 13, 6, 9.0%
write totals line: 14, 6, 9.0%
	10,6: 9.0%
write line: 13, 7, 429.43
write totals line: 14, 7, 429.43
	10,7: 429.43
write line: 13, 8, 5527.81
write totals line: 14, 8, 5527.81
	10,8: 5527.81
write line: 13, 9, 5957.24
write totals line: 14, 9, 5957.24
	10,9: 5957.24
$sum_end: S14
$sum: =sum(S4:S14)
write line: 14, 9, =sum(S4:S14)
$sum: =sum(S4:S14)
write line: 14, 8, =sum(J4:J14)
write line: 16, 8, 'Total'
write line: 16, 9, =sum(J4:J14)
=sum(J4:J15)
write final totals sum cell: 15, 9, =sum(J4:J15)
---< End iterate_array >-----
--< End >--
